{"/home/adson/personal-projects/Trooper-Ecommerce/trooper-ms-order/src/app.js": {"path":"/home/adson/personal-projects/Trooper-Ecommerce/trooper-ms-order/src/app.js","statementMap":{"0":{"start":{"line":1,"column":0},"end":{"line":1,"column":32}},"1":{"start":{"line":2,"column":16},"end":{"line":2,"column":34}},"2":{"start":{"line":3,"column":15},"end":{"line":3,"column":32}},"3":{"start":{"line":4,"column":18},"end":{"line":4,"column":47}},"4":{"start":{"line":5,"column":20},"end":{"line":5,"column":53}},"5":{"start":{"line":6,"column":24},"end":{"line":6,"column":57}},"6":{"start":{"line":7,"column":24},"end":{"line":7,"column":65}},"7":{"start":{"line":9,"column":12},"end":{"line":9,"column":21}},"8":{"start":{"line":11,"column":0},"end":{"line":11,"column":24}},"9":{"start":{"line":12,"column":0},"end":{"line":12,"column":18}},"10":{"start":{"line":14,"column":0},"end":{"line":14,"column":79}},"11":{"start":{"line":14,"column":40},"end":{"line":14,"column":77}},"12":{"start":{"line":15,"column":0},"end":{"line":15,"column":36}},"13":{"start":{"line":16,"column":0},"end":{"line":16,"column":25}},"14":{"start":{"line":18,"column":0},"end":{"line":18,"column":38}},"15":{"start":{"line":19,"column":0},"end":{"line":19,"column":55}},"16":{"start":{"line":21,"column":0},"end":{"line":21,"column":21}}},"fnMap":{"0":{"name":"(anonymous_0)","decl":{"start":{"line":14,"column":25},"end":{"line":14,"column":26}},"loc":{"start":{"line":14,"column":40},"end":{"line":14,"column":77}},"line":14}},"branchMap":{},"s":{"0":1,"1":1,"2":1,"3":1,"4":1,"5":1,"6":1,"7":1,"8":1,"9":1,"10":1,"11":0,"12":1,"13":1,"14":1,"15":1,"16":1},"f":{"0":0},"b":{},"_coverageSchema":"1a1c01bbd47fc00a2c39e90264f33305004495a9","hash":"1726f9b81d793202896252dd7ebf2b22f1ef15d5"}
,"/home/adson/personal-projects/Trooper-Ecommerce/trooper-ms-order/src/controllers/orders.controller.js": {"path":"/home/adson/personal-projects/Trooper-Ecommerce/trooper-ms-order/src/controllers/orders.controller.js","statementMap":{"0":{"start":{"line":1,"column":23},"end":{"line":1,"column":60}},"1":{"start":{"line":2,"column":19},"end":{"line":2,"column":52}},"2":{"start":{"line":4,"column":17},"end":{"line":9,"column":1}},"3":{"start":{"line":5,"column":17},"end":{"line":5,"column":27}},"4":{"start":{"line":6,"column":19},"end":{"line":6,"column":52}},"5":{"start":{"line":8,"column":2},"end":{"line":8,"column":50}},"6":{"start":{"line":11,"column":15},"end":{"line":16,"column":1}},"7":{"start":{"line":12,"column":18},"end":{"line":12,"column":26}},"8":{"start":{"line":14,"column":19},"end":{"line":14,"column":55}},"9":{"start":{"line":15,"column":2},"end":{"line":15,"column":55}},"10":{"start":{"line":18,"column":0},"end":{"line":21,"column":2}}},"fnMap":{"0":{"name":"(anonymous_0)","decl":{"start":{"line":4,"column":17},"end":{"line":4,"column":18}},"loc":{"start":{"line":4,"column":37},"end":{"line":9,"column":1}},"line":4},"1":{"name":"(anonymous_1)","decl":{"start":{"line":11,"column":15},"end":{"line":11,"column":16}},"loc":{"start":{"line":11,"column":35},"end":{"line":16,"column":1}},"line":11}},"branchMap":{},"s":{"0":2,"1":2,"2":2,"3":2,"4":2,"5":2,"6":2,"7":2,"8":2,"9":2,"10":2},"f":{"0":2,"1":2},"b":{},"_coverageSchema":"1a1c01bbd47fc00a2c39e90264f33305004495a9","hash":"846cf0a3176678145bc0f95b552a4b6b38afe33f"}
,"/home/adson/personal-projects/Trooper-Ecommerce/trooper-ms-order/src/database/config/config.js": {"path":"/home/adson/personal-projects/Trooper-Ecommerce/trooper-ms-order/src/database/config/config.js","statementMap":{"0":{"start":{"line":1,"column":0},"end":{"line":25,"column":2}}},"fnMap":{},"branchMap":{"0":{"loc":{"start":{"line":3,"column":14},"end":{"line":3,"column":43}},"type":"binary-expr","locations":[{"start":{"line":3,"column":14},"end":{"line":3,"column":33}},{"start":{"line":3,"column":37},"end":{"line":3,"column":43}}],"line":3},"1":{"loc":{"start":{"line":4,"column":14},"end":{"line":4,"column":49}},"type":"binary-expr","locations":[{"start":{"line":4,"column":14},"end":{"line":4,"column":37}},{"start":{"line":4,"column":41},"end":{"line":4,"column":49}}],"line":4},"2":{"loc":{"start":{"line":5,"column":14},"end":{"line":5,"column":51}},"type":"binary-expr","locations":[{"start":{"line":5,"column":14},"end":{"line":5,"column":37}},{"start":{"line":5,"column":41},"end":{"line":5,"column":51}}],"line":5},"3":{"loc":{"start":{"line":6,"column":10},"end":{"line":6,"column":44}},"type":"binary-expr","locations":[{"start":{"line":6,"column":10},"end":{"line":6,"column":29}},{"start":{"line":6,"column":33},"end":{"line":6,"column":44}}],"line":6},"4":{"loc":{"start":{"line":7,"column":10},"end":{"line":7,"column":39}},"type":"binary-expr","locations":[{"start":{"line":7,"column":10},"end":{"line":7,"column":29}},{"start":{"line":7,"column":33},"end":{"line":7,"column":39}}],"line":7},"5":{"loc":{"start":{"line":8,"column":13},"end":{"line":8,"column":46}},"type":"binary-expr","locations":[{"start":{"line":8,"column":13},"end":{"line":8,"column":35}},{"start":{"line":8,"column":39},"end":{"line":8,"column":46}}],"line":8}},"s":{"0":3},"f":{},"b":{"0":[3,3],"1":[3,3],"2":[3,3],"3":[3,3],"4":[3,3],"5":[3,3]},"_coverageSchema":"1a1c01bbd47fc00a2c39e90264f33305004495a9","hash":"10f5aa8e423dfaab661536d7670e91343b995f89"}
,"/home/adson/personal-projects/Trooper-Ecommerce/trooper-ms-order/src/database/models/index.js": {"path":"/home/adson/personal-projects/Trooper-Ecommerce/trooper-ms-order/src/database/models/index.js","statementMap":{"0":{"start":{"line":3,"column":11},"end":{"line":3,"column":24}},"1":{"start":{"line":4,"column":13},"end":{"line":4,"column":28}},"2":{"start":{"line":5,"column":18},"end":{"line":5,"column":38}},"3":{"start":{"line":6,"column":16},"end":{"line":6,"column":34}},"4":{"start":{"line":8,"column":17},"end":{"line":8,"column":42}},"5":{"start":{"line":9,"column":12},"end":{"line":9,"column":49}},"6":{"start":{"line":10,"column":15},"end":{"line":10,"column":63}},"7":{"start":{"line":11,"column":11},"end":{"line":11,"column":13}},"8":{"start":{"line":14,"column":0},"end":{"line":18,"column":1}},"9":{"start":{"line":15,"column":2},"end":{"line":15,"column":74}},"10":{"start":{"line":17,"column":2},"end":{"line":17,"column":87}},"11":{"start":{"line":20,"column":0},"end":{"line":31,"column":5}},"12":{"start":{"line":23,"column":4},"end":{"line":26,"column":40}},"13":{"start":{"line":29,"column":18},"end":{"line":29,"column":85}},"14":{"start":{"line":30,"column":4},"end":{"line":30,"column":27}},"15":{"start":{"line":33,"column":0},"end":{"line":37,"column":3}},"16":{"start":{"line":34,"column":2},"end":{"line":36,"column":3}},"17":{"start":{"line":35,"column":4},"end":{"line":35,"column":32}},"18":{"start":{"line":39,"column":0},"end":{"line":39,"column":25}},"19":{"start":{"line":40,"column":0},"end":{"line":40,"column":25}},"20":{"start":{"line":42,"column":0},"end":{"line":42,"column":20}}},"fnMap":{"0":{"name":"(anonymous_0)","decl":{"start":{"line":22,"column":10},"end":{"line":22,"column":11}},"loc":{"start":{"line":23,"column":4},"end":{"line":26,"column":40}},"line":23},"1":{"name":"(anonymous_1)","decl":{"start":{"line":28,"column":11},"end":{"line":28,"column":12}},"loc":{"start":{"line":28,"column":21},"end":{"line":31,"column":3}},"line":28},"2":{"name":"(anonymous_2)","decl":{"start":{"line":33,"column":24},"end":{"line":33,"column":25}},"loc":{"start":{"line":33,"column":39},"end":{"line":37,"column":1}},"line":33}},"branchMap":{"0":{"loc":{"start":{"line":9,"column":12},"end":{"line":9,"column":49}},"type":"binary-expr","locations":[{"start":{"line":9,"column":12},"end":{"line":9,"column":32}},{"start":{"line":9,"column":36},"end":{"line":9,"column":49}}],"line":9},"1":{"loc":{"start":{"line":14,"column":0},"end":{"line":18,"column":1}},"type":"if","locations":[{"start":{"line":14,"column":0},"end":{"line":18,"column":1}},{"start":{"line":16,"column":7},"end":{"line":18,"column":1}}],"line":14},"2":{"loc":{"start":{"line":23,"column":4},"end":{"line":26,"column":40}},"type":"binary-expr","locations":[{"start":{"line":23,"column":4},"end":{"line":23,"column":27}},{"start":{"line":24,"column":9},"end":{"line":24,"column":26}},{"start":{"line":25,"column":9},"end":{"line":25,"column":33}},{"start":{"line":26,"column":9},"end":{"line":26,"column":40}}],"line":23},"3":{"loc":{"start":{"line":34,"column":2},"end":{"line":36,"column":3}},"type":"if","locations":[{"start":{"line":34,"column":2},"end":{"line":36,"column":3}},{"start":{},"end":{}}],"line":34}},"s":{"0":3,"1":3,"2":3,"3":3,"4":3,"5":3,"6":3,"7":3,"8":3,"9":0,"10":3,"11":3,"12":6,"13":3,"14":3,"15":3,"16":3,"17":0,"18":3,"19":3,"20":3},"f":{"0":6,"1":3,"2":3},"b":{"0":[3,0],"1":[0,3],"2":[6,6,3,3],"3":[0,3]},"_coverageSchema":"1a1c01bbd47fc00a2c39e90264f33305004495a9","hash":"d5f8dc9be7b6d69b01f8b8fe4a7c292a20b0c0bf"}
,"/home/adson/personal-projects/Trooper-Ecommerce/trooper-ms-order/src/database/models/orders.model.js": {"path":"/home/adson/personal-projects/Trooper-Ecommerce/trooper-ms-order/src/database/models/orders.model.js","statementMap":{"0":{"start":{"line":2,"column":15},"end":{"line":19,"column":1}},"1":{"start":{"line":3,"column":17},"end":{"line":16,"column":4}},"2":{"start":{"line":18,"column":2},"end":{"line":18,"column":16}},"3":{"start":{"line":21,"column":0},"end":{"line":21,"column":24}}},"fnMap":{"0":{"name":"(anonymous_0)","decl":{"start":{"line":2,"column":15},"end":{"line":2,"column":16}},"loc":{"start":{"line":2,"column":41},"end":{"line":19,"column":1}},"line":2}},"branchMap":{},"s":{"0":3,"1":3,"2":3,"3":3},"f":{"0":3},"b":{},"_coverageSchema":"1a1c01bbd47fc00a2c39e90264f33305004495a9","hash":"10630388746e5e72788a7bd46caeb3074cff5eec"}
,"/home/adson/personal-projects/Trooper-Ecommerce/trooper-ms-order/src/helpers/HTTP.status.js": {"path":"/home/adson/personal-projects/Trooper-Ecommerce/trooper-ms-order/src/helpers/HTTP.status.js","statementMap":{"0":{"start":{"line":1,"column":19},"end":{"line":10,"column":1}},"1":{"start":{"line":12,"column":0},"end":{"line":12,"column":28}}},"fnMap":{},"branchMap":{},"s":{"0":3,"1":3},"f":{},"b":{},"_coverageSchema":"1a1c01bbd47fc00a2c39e90264f33305004495a9","hash":"3879e1fa7a77acac945b898cfd32456730d26ee6"}
,"/home/adson/personal-projects/Trooper-Ecommerce/trooper-ms-order/src/helpers/error.custom.js": {"path":"/home/adson/personal-projects/Trooper-Ecommerce/trooper-ms-order/src/helpers/error.custom.js","statementMap":{"0":{"start":{"line":1,"column":20},"end":{"line":5,"column":1}},"1":{"start":{"line":2,"column":14},"end":{"line":2,"column":32}},"2":{"start":{"line":3,"column":2},"end":{"line":3,"column":22}},"3":{"start":{"line":4,"column":2},"end":{"line":4,"column":13}},"4":{"start":{"line":7,"column":0},"end":{"line":7,"column":29}}},"fnMap":{"0":{"name":"(anonymous_0)","decl":{"start":{"line":1,"column":20},"end":{"line":1,"column":21}},"loc":{"start":{"line":1,"column":41},"end":{"line":5,"column":1}},"line":1}},"branchMap":{},"s":{"0":3,"1":3,"2":3,"3":3,"4":3},"f":{"0":3},"b":{},"_coverageSchema":"1a1c01bbd47fc00a2c39e90264f33305004495a9","hash":"dbbbddbd77f59cf52afefd98e8284a5d7ec7d74f"}
,"/home/adson/personal-projects/Trooper-Ecommerce/trooper-ms-order/src/middlewares/error.middleware.js": {"path":"/home/adson/personal-projects/Trooper-Ecommerce/trooper-ms-order/src/middlewares/error.middleware.js","statementMap":{"0":{"start":{"line":2,"column":19},"end":{"line":2,"column":52}},"1":{"start":{"line":4,"column":24},"end":{"line":7,"column":1}},"2":{"start":{"line":5,"column":2},"end":{"line":5,"column":68}},"3":{"start":{"line":5,"column":19},"end":{"line":5,"column":68}},"4":{"start":{"line":6,"column":2},"end":{"line":6,"column":50}},"5":{"start":{"line":9,"column":0},"end":{"line":9,"column":33}}},"fnMap":{"0":{"name":"(anonymous_0)","decl":{"start":{"line":4,"column":24},"end":{"line":4,"column":25}},"loc":{"start":{"line":4,"column":51},"end":{"line":7,"column":1}},"line":4}},"branchMap":{"0":{"loc":{"start":{"line":5,"column":2},"end":{"line":5,"column":68}},"type":"if","locations":[{"start":{"line":5,"column":2},"end":{"line":5,"column":68}},{"start":{},"end":{}}],"line":5}},"s":{"0":1,"1":1,"2":0,"3":0,"4":0,"5":1},"f":{"0":0},"b":{"0":[0,0]},"_coverageSchema":"1a1c01bbd47fc00a2c39e90264f33305004495a9","hash":"739aca05f8f406a55d02027647db406bfdbb4e14"}
,"/home/adson/personal-projects/Trooper-Ecommerce/trooper-ms-order/src/routes/orders.routes.js": {"path":"/home/adson/personal-projects/Trooper-Ecommerce/trooper-ms-order/src/routes/orders.routes.js","statementMap":{"0":{"start":{"line":1,"column":19},"end":{"line":1,"column":37}},"1":{"start":{"line":2,"column":26},"end":{"line":2,"column":69}},"2":{"start":{"line":4,"column":15},"end":{"line":4,"column":23}},"3":{"start":{"line":6,"column":0},"end":{"line":6,"column":47}},"4":{"start":{"line":7,"column":0},"end":{"line":7,"column":43}},"5":{"start":{"line":9,"column":0},"end":{"line":9,"column":24}}},"fnMap":{},"branchMap":{},"s":{"0":1,"1":1,"2":1,"3":1,"4":1,"5":1},"f":{},"b":{},"_coverageSchema":"1a1c01bbd47fc00a2c39e90264f33305004495a9","hash":"ac62d6f428dd36cda73b4b538d94a343d2cbf416"}
,"/home/adson/personal-projects/Trooper-Ecommerce/trooper-ms-order/src/services/orders.service.js": {"path":"/home/adson/personal-projects/Trooper-Ecommerce/trooper-ms-order/src/services/orders.service.js","statementMap":{"0":{"start":{"line":1,"column":19},"end":{"line":1,"column":48}},"1":{"start":{"line":2,"column":19},"end":{"line":2,"column":52}},"2":{"start":{"line":3,"column":20},"end":{"line":3,"column":54}},"3":{"start":{"line":4,"column":17},"end":{"line":4,"column":60}},"4":{"start":{"line":6,"column":17},"end":{"line":14,"column":1}},"5":{"start":{"line":7,"column":2},"end":{"line":7,"column":69}},"6":{"start":{"line":7,"column":11},"end":{"line":7,"column":69}},"7":{"start":{"line":9,"column":19},"end":{"line":9,"column":44}},"8":{"start":{"line":11,"column":2},"end":{"line":11,"column":78}},"9":{"start":{"line":11,"column":17},"end":{"line":11,"column":78}},"10":{"start":{"line":13,"column":2},"end":{"line":13,"column":18}},"11":{"start":{"line":16,"column":15},"end":{"line":23,"column":1}},"12":{"start":{"line":17,"column":21},"end":{"line":17,"column":54}},"13":{"start":{"line":18,"column":2},"end":{"line":18,"column":31}},"14":{"start":{"line":20,"column":19},"end":{"line":20,"column":50}},"15":{"start":{"line":22,"column":2},"end":{"line":22,"column":18}},"16":{"start":{"line":25,"column":0},"end":{"line":28,"column":2}}},"fnMap":{"0":{"name":"(anonymous_0)","decl":{"start":{"line":6,"column":17},"end":{"line":6,"column":18}},"loc":{"start":{"line":6,"column":31},"end":{"line":14,"column":1}},"line":6},"1":{"name":"(anonymous_1)","decl":{"start":{"line":16,"column":15},"end":{"line":16,"column":16}},"loc":{"start":{"line":16,"column":34},"end":{"line":23,"column":1}},"line":16}},"branchMap":{"0":{"loc":{"start":{"line":7,"column":2},"end":{"line":7,"column":69}},"type":"if","locations":[{"start":{"line":7,"column":2},"end":{"line":7,"column":69}},{"start":{},"end":{}}],"line":7},"1":{"loc":{"start":{"line":11,"column":2},"end":{"line":11,"column":78}},"type":"if","locations":[{"start":{"line":11,"column":2},"end":{"line":11,"column":78}},{"start":{},"end":{}}],"line":11}},"s":{"0":3,"1":3,"2":3,"3":3,"4":3,"5":4,"6":1,"7":3,"8":3,"9":1,"10":2,"11":3,"12":3,"13":3,"14":2,"15":2,"16":3},"f":{"0":4,"1":3},"b":{"0":[1,3],"1":[1,2]},"_coverageSchema":"1a1c01bbd47fc00a2c39e90264f33305004495a9","hash":"413fbae11c5ab1df7dfd00c3be1311d29957194f"}
,"/home/adson/personal-projects/Trooper-Ecommerce/trooper-ms-order/src/validations/orders.validation.js": {"path":"/home/adson/personal-projects/Trooper-Ecommerce/trooper-ms-order/src/validations/orders.validation.js","statementMap":{"0":{"start":{"line":1,"column":12},"end":{"line":1,"column":26}},"1":{"start":{"line":2,"column":19},"end":{"line":2,"column":52}},"2":{"start":{"line":3,"column":20},"end":{"line":3,"column":54}},"3":{"start":{"line":5,"column":16},"end":{"line":26,"column":1}},"4":{"start":{"line":6,"column":20},"end":{"line":23,"column":27}},"5":{"start":{"line":25,"column":2},"end":{"line":25,"column":89}},"6":{"start":{"line":25,"column":13},"end":{"line":25,"column":89}},"7":{"start":{"line":28,"column":0},"end":{"line":30,"column":2}}},"fnMap":{"0":{"name":"(anonymous_0)","decl":{"start":{"line":5,"column":16},"end":{"line":5,"column":17}},"loc":{"start":{"line":5,"column":34},"end":{"line":26,"column":1}},"line":5}},"branchMap":{"0":{"loc":{"start":{"line":25,"column":2},"end":{"line":25,"column":89}},"type":"if","locations":[{"start":{"line":25,"column":2},"end":{"line":25,"column":89}},{"start":{},"end":{}}],"line":25}},"s":{"0":3,"1":3,"2":3,"3":3,"4":3,"5":3,"6":1,"7":3},"f":{"0":3},"b":{"0":[1,2]},"_coverageSchema":"1a1c01bbd47fc00a2c39e90264f33305004495a9","hash":"54b3d8f805c906de390fc01220be7b3c96631f16"}
,"/home/adson/personal-projects/Trooper-Ecommerce/trooper-ms-order/tests/mocks/orders.mock.js": {"path":"/home/adson/personal-projects/Trooper-Ecommerce/trooper-ms-order/tests/mocks/orders.mock.js","statementMap":{"0":{"start":{"line":1,"column":28},"end":{"line":19,"column":1}},"1":{"start":{"line":21,"column":27},"end":{"line":38,"column":1}},"2":{"start":{"line":40,"column":29},"end":{"line":46,"column":1}},"3":{"start":{"line":48,"column":0},"end":{"line":52,"column":2}}},"fnMap":{},"branchMap":{},"s":{"0":3,"1":3,"2":3,"3":3},"f":{},"b":{},"_coverageSchema":"1a1c01bbd47fc00a2c39e90264f33305004495a9","hash":"0c2d6dbd3ed84733d7604f79a5ed10d648f4ed8d"}
}
